
~~~~~~~~
8
0 24 3 2
0 24 3 2
0 24 1 1
0 24 3 2
0 48 2 1
0 48 4 4
0 78 4 2
0 96 4 1
100%
 
DVS: 23080.66666666667
DVS_Priority: 23016.666666666664
DVS_DPM: 16556.0
 
80.0%
 
DVS: 17336.533333333336
DVS_Priority: 17461.86666666666
DVS_DPM: 15144.000000000018
 
70.0%
 
DVS: 15501.399999999998
DVS_Priority: 14832.666666666666
DVS_DPM: 14670.39999999998
 
60.0%
 
DVS: 13911.2
DVS_Priority: 13296.0
DVS_DPM: 14165.599999999988
 
50.0%
 
DVS: 12324.0
DVS_Priority: 12167.333333333336
DVS_DPM: 13633.666666666666
 
40.0%
 
DVS: 10885.333333333334
DVS_Priority: 10845.333333333334
DVS_DPM: 12925.600000000015
 
30.0%
 
DVS: 10236.0
DVS_Priority: 10242.0
DVS_DPM: 11560.600000000037
 
~~~~~~~~
11
0 66 3 1
0 55 4 2
0 110 4 3
0 44 5 2
0 77 5 3
0 66 6 5
0 88 3 1
0 55 4 1
0 66 3 1
0 44 2 1
0 88 5 4
100%
 
DVS: 143529.99999999994
DVS_Priority: 142024.6666666667
DVS_DPM: 88771.99999999999
 
80.0%
 
DVS: 107658.1333333334
DVS_Priority: 106550.39999999995
DVS_DPM: 88420.79999999958
 
70.0%
 
DVS: 96035.33333333331
DVS_Priority: 95925.66666666664
DVS_DPM: 90902.66666666727
 
60.0%
 
DVS: 87280.0
DVS_Priority: 87580.0
DVS_DPM: 87984.4000000006
 
50.0%
 
DVS: 80543.33333333334
DVS_Priority: 80110.0
DVS_DPM: 83296.66666666672
 
40.0%
 
DVS: 76346.66666666666
DVS_Priority: 76970.66666666666
DVS_DPM: 80420.26666666573
 
30.0%
 
DVS: 74412.0
DVS_Priority: 74472.0
DVS_DPM: 76789.39999999947
 
~~~~~~~~
17
0 500 10 2
0 500 50 47
0 500 20 16
0 500 50 37
0 500 10 8
0 500 30 17
0 600 10 9
0 600 10 5
0 750 14 11
0 750 30 30
0 1000 80 45
0 1000 90 73
0 1000 30 25
0 1000 10 6
0 1000 10 7
0 1000 10 8
0 2000 30 20
100%
 
DVS: 122790.0
DVS_Priority: 122558.66666666667
DVS_DPM: 124213.66666666669
 
80.0%
 
DVS: 95483.20000000003
DVS_Priority: 95637.33333333334
DVS_DPM: 102817.06666666671
 
70.0%
 
DVS: 82251.0
DVS_Priority: 81626.13333333333
DVS_DPM: 97284.20000000003
 
60.0%
 
DVS: 69360.8
DVS_Priority: 69476.79999999999
DVS_DPM: 75305.60000000006
 
50.0%
 
DVS: 60651.333333333336
DVS_Priority: 60836.00000000001
DVS_DPM: 69636.5
 
40.0%
 
DVS: 53504.0
DVS_Priority: 53547.200000000004
DVS_DPM: 55588.53333333332
 
30.0%
 
DVS: 50706.0
DVS_Priority: 50796.0
DVS_DPM: 55626.59999999996
 
~~~~~~~~
19
0 210 10 9
0 210 10 6
0 210 9 6
0 210 8 7
0 210 8 6
0 210 10 7
0 270 10 7
0 270 10 8
0 270 9 5
0 270 8 6
0 270 7 6
0 270 6 6
0 350 10 7
0 350 9 7
0 350 8 6
0 420 6 6
0 420 9 8
0 420 7 5
0 420 12 10
100%
 
DVS: 272561.3333333333
DVS_Priority: 276132.0000000001
DVS_DPM: 227765.66666666672
 
80.0%
 
DVS: 225758.9333333334
DVS_Priority: 223118.93333333352
DVS_DPM: 202326.00000000096
 
70.0%
 
DVS: 195542.6666666666
DVS_Priority: 194755.86666666652
DVS_DPM: 203217.49999999866
 
60.0%
 
DVS: 175393.59999999998
DVS_Priority: 177108.80000000002
DVS_DPM: 190726.39999999903
 
50.0%
 
DVS: 160436.0
DVS_Priority: 161310.0
DVS_DPM: 191988.83333333334
 
40.0%
 
DVS: 153926.40000000002
DVS_Priority: 154036.8
DVS_DPM: 187355.86666666786
 
30.0%
 
DVS: 151398.0
DVS_Priority: 151380.0
DVS_DPM: 174390.3999999999
 
~~~~~~~~
24
0 140 9 7
0 140 9 6
0 140 5 2
0 140 11 7
0 280 9 6
0 280 9 6
0 280 8 5
0 280 9 4
0 280 9 4
0 280 11 6
0 420 5 4
0 420 5 3
0 420 9 8
0 420 11 9
0 420 9 6
0 420 9 5
0 420 9 7
0 420 9 5
0 420 5 3
0 420 11 9
0 560 9 7
0 560 8 7
0 560 11 8
0 560 11 10
100%
 
DVS: 32307.999999999996
DVS_Priority: 32841.33333333333
DVS_DPM: 17996.0
 
80.0%
 
DVS: 27150.4
DVS_Priority: 27248.000000000007
DVS_DPM: 19177.6
 
70.0%
 
DVS: 24543.86666666667
DVS_Priority: 24194.799999999996
DVS_DPM: 18246.199999999997
 
60.0%
 
DVS: 21544.0
DVS_Priority: 21735.6
DVS_DPM: 13839.200000000006
 
50.0%
 
DVS: 18847.0
DVS_Priority: 18545.0
DVS_DPM: 13711.0
 
40.0%
 
DVS: 16400.8
DVS_Priority: 16324.0
DVS_DPM: 13647.46666666666
 
30.0%
 
DVS: 14673.2
DVS_Priority: 14634.0
DVS_DPM: 13573.599999999995
 
~~~~~~~~
28
0 285 8 7
0 380 13 9
0 380 12 6
0 380 8 6
0 380 7 6
0 380 8 7
0 380 12 7
0 380 8 6
0 475 8 5
0 475 13 6
0 475 7 5
0 475 8 6
0 475 12 6
0 475 12 7
0 475 13 6
0 475 7 5
0 570 9 7
0 570 14 12
0 570 9 7
0 570 13 10
0 570 7 6
0 570 13 7
0 570 7 5
0 570 8 5
0 665 8 7
0 665 7 6
0 665 9 8
0 665 9 8
100%
 
DVS: 518260.6666666668
DVS_Priority: 520128.6666666669
DVS_DPM: 400560.3333333332
 
80.0%
 
DVS: 424867.2000000003
DVS_Priority: 430037.3333333336
DVS_DPM: 414411.20000000275
 
70.0%
 
DVS: 388346.9333333331
DVS_Priority: 388418.7999999999
DVS_DPM: 397688.0999999972
 
60.0%
 
DVS: 352670.4
DVS_Priority: 353871.20000000007
DVS_DPM: 375236.40000000264
 
50.0%
 
DVS: 337280.6666666667
DVS_Priority: 337358.6666666667
DVS_DPM: 370171.5
 
40.0%
 
DVS: 325798.4
DVS_Priority: 325198.4
DVS_DPM: 347644.5999999986
 
30.0%
 
DVS: 320484.0
DVS_Priority: 320430.0
DVS_DPM: 339636.60000000184
 
